time="2023-06-06T15:11:22+03:00" level=info msg="creating router..." func="main.main()" file="app.go:15"
time="2023-06-06T15:11:22+03:00" level=info msg="registering user handler..." func="main.main()" file="app.go:18"
time="2023-06-06T15:11:22+03:00" level=info msg="starting application..." func="main.start()" file="app.go:27"
time="2023-06-06T15:11:22+03:00" level=info msg="application is running..." func="main.start()" file="app.go:39"
[36mINFO[0m[2023-06-06T15:12:32+03:00]app.go:15 main.main() creating router...                           
[36mINFO[0m[2023-06-06T15:12:32+03:00]app.go:18 main.main() registering user handler...                  
[36mINFO[0m[2023-06-06T15:12:32+03:00]app.go:27 main.start() starting application...                      
[36mINFO[0m[2023-06-06T15:12:32+03:00]app.go:39 main.start() application is running...                    
time="2023-06-06T15:13:56+03:00" level=info msg="creating router..." func="main.main()" file="app.go:15"
time="2023-06-06T15:13:56+03:00" level=info msg="registering user handler..." func="main.main()" file="app.go:18"
time="2023-06-06T15:13:56+03:00" level=info msg="starting application..." func="main.start()" file="app.go:27"
time="2023-06-06T15:13:56+03:00" level=info msg="application is running..." func="main.start()" file="app.go:39"
time="2023-06-06T20:02:42+03:00" level=info msg="-> creating router..." func="main.main()" file="app.go:20"
time="2023-06-06T20:02:42+03:00" level=info msg="reading application configuration..." func="proj/internal/config.GetConfig.func1()" file="config.go:24"
time="2023-06-06T20:02:42+03:00" level=info msg="-> registering user handler..." func="main.main()" file="app.go:25"
time="2023-06-06T20:02:42+03:00" level=info msg="-> starting application..." func="main.start()" file="app.go:34"
time="2023-06-06T20:02:42+03:00" level=info msg="-> listening tcp..." func="main.start()" file="app.go:57"
time="2023-06-06T20:02:42+03:00" level=info msg="application is running... on port :10000" func="main.start()" file="app.go:59"
time="2023-06-06T20:04:17+03:00" level=info msg="-> creating router..." func="main.main()" file="app.go:20"
time="2023-06-06T20:04:17+03:00" level=info msg="reading application configuration..." func="proj/internal/config.GetConfig.func1()" file="config.go:24"
time="2023-06-06T20:04:17+03:00" level=info msg="-> registering user handler..." func="main.main()" file="app.go:25"
time="2023-06-06T20:04:17+03:00" level=info msg="-> starting application..." func="main.start()" file="app.go:34"
time="2023-06-06T20:04:17+03:00" level=info msg="-> detecting application path..." func="main.start()" file="app.go:41"
time="2023-06-06T20:04:17+03:00" level=info msg="-> creating socket..." func="main.start()" file="app.go:47"
time="2023-06-06T20:04:17+03:00" level=debug msg="CREATED SUCCESFULLY | socket path: C:\\Users\\Nitro\\AppData\\Local\\Temp\\go-build2054520433\\b001\\exe/app.sock" func="main.start()" file="app.go:50"
time="2023-06-06T20:04:17+03:00" level=info msg="-> listening unix socket..." func="main.start()" file="app.go:52"
time="2023-06-06T20:04:17+03:00" level=info msg="application is listening unix sockets... C:\\Users\\Nitro\\AppData\\Local\\Temp\\go-build2054520433\\b001\\exe/app.sock" func="main.start()" file="app.go:54"
